  图形学大作业.cpp
c:\users\96942\desktop\图形学大作业\图形学大作业-项目文件\图形学大作业\图形学大作业.cpp(11): warning C4244: “初始化”: 从“int”转换到“float”，可能丢失数据
c:\users\96942\desktop\图形学大作业\图形学大作业-项目文件\图形学大作业\图形学大作业.cpp(99): warning C4018: “<”: 有符号/无符号不匹配
c:\users\96942\desktop\图形学大作业\图形学大作业-项目文件\图形学大作业\图形学大作业.cpp(112): warning C4018: “<”: 有符号/无符号不匹配
c:\users\96942\desktop\图形学大作业\图形学大作业-项目文件\图形学大作业\图形学大作业.cpp(114): warning C4018: “<”: 有符号/无符号不匹配
c:\users\96942\desktop\图形学大作业\图形学大作业-项目文件\图形学大作业\图形学大作业.cpp(131): warning C4018: “<”: 有符号/无符号不匹配
c:\users\96942\desktop\图形学大作业\图形学大作业-项目文件\图形学大作业\图形学大作业.cpp(133): warning C4018: “<”: 有符号/无符号不匹配
c:\users\96942\desktop\图形学大作业\图形学大作业-项目文件\图形学大作业\图形学大作业.cpp(165): warning C4018: “<”: 有符号/无符号不匹配
c:\users\96942\desktop\图形学大作业\图形学大作业-项目文件\图形学大作业\图形学大作业.cpp(167): warning C4018: “<”: 有符号/无符号不匹配
c:\users\96942\desktop\图形学大作业\图形学大作业-项目文件\图形学大作业\图形学大作业.cpp(192): warning C4018: “<”: 有符号/无符号不匹配
c:\users\96942\desktop\图形学大作业\图形学大作业-项目文件\图形学大作业\图形学大作业.cpp(194): warning C4018: “<”: 有符号/无符号不匹配
c:\users\96942\desktop\图形学大作业\图形学大作业-项目文件\图形学大作业\图形学大作业.cpp(216): warning C4018: “<”: 有符号/无符号不匹配
c:\users\96942\desktop\图形学大作业\图形学大作业-项目文件\图形学大作业\图形学大作业.cpp(218): warning C4018: “<”: 有符号/无符号不匹配
c:\users\96942\desktop\图形学大作业\图形学大作业-项目文件\图形学大作业\图形学大作业.cpp(231): warning C4018: “<”: 有符号/无符号不匹配
c:\users\96942\desktop\图形学大作业\图形学大作业-项目文件\图形学大作业\图形学大作业.cpp(467): warning C4244: “=”: 从“double”转换到“float”，可能丢失数据
c:\users\96942\desktop\图形学大作业\图形学大作业-项目文件\图形学大作业\图形学大作业.cpp(468): warning C4244: “=”: 从“double”转换到“float”，可能丢失数据
c:\users\96942\desktop\图形学大作业\图形学大作业-项目文件\图形学大作业\图形学大作业.cpp(469): warning C4244: “=”: 从“double”转换到“float”，可能丢失数据
c:\users\96942\desktop\图形学大作业\图形学大作业-项目文件\图形学大作业\图形学大作业.cpp(470): warning C4244: “=”: 从“double”转换到“float”，可能丢失数据
c:\users\96942\desktop\图形学大作业\图形学大作业-项目文件\图形学大作业\图形学大作业.cpp(475): warning C4244: “=”: 从“double”转换到“float”，可能丢失数据
c:\users\96942\desktop\图形学大作业\图形学大作业-项目文件\图形学大作业\图形学大作业.cpp(476): warning C4244: “=”: 从“double”转换到“float”，可能丢失数据
c:\users\96942\desktop\图形学大作业\图形学大作业-项目文件\图形学大作业\图形学大作业.cpp(477): warning C4244: “=”: 从“double”转换到“float”，可能丢失数据
c:\users\96942\desktop\图形学大作业\图形学大作业-项目文件\图形学大作业\图形学大作业.cpp(478): warning C4244: “=”: 从“double”转换到“float”，可能丢失数据
c:\users\96942\desktop\图形学大作业\图形学大作业-项目文件\图形学大作业\图形学大作业.cpp(484): warning C4244: “=”: 从“double”转换到“float”，可能丢失数据
c:\users\96942\desktop\图形学大作业\图形学大作业-项目文件\图形学大作业\图形学大作业.cpp(485): warning C4244: “=”: 从“double”转换到“float”，可能丢失数据
c:\users\96942\desktop\图形学大作业\图形学大作业-项目文件\图形学大作业\图形学大作业.cpp(491): warning C4244: “=”: 从“double”转换到“float”，可能丢失数据
c:\users\96942\desktop\图形学大作业\图形学大作业-项目文件\图形学大作业\图形学大作业.cpp(492): warning C4244: “=”: 从“double”转换到“float”，可能丢失数据
  图形学大作业.vcxproj -> C:\Users\96942\Desktop\图形学大作业\图形学大作业-项目文件\Debug\图形学大作业.exe
